[22:03:21] [main/INFO]: Environment: authHost='https://authserver.mojang.com', accountsHost='https://api.mojang.com', sessionHost='https://sessionserver.mojang.com', servicesHost='https://api.minecraftservices.com', name='PROD'
[22:03:21] [main/WARN]: Ambiguity between arguments [teleport, destination] and [teleport, targets] with inputs: [Player, 0123, @e, dd12be42-52a9-4a91-a8a1-11c01849e498]
[22:03:21] [main/WARN]: Ambiguity between arguments [teleport, location] and [teleport, destination] with inputs: [0.1 -0.5 .9, 0 0 0]
[22:03:21] [main/WARN]: Ambiguity between arguments [teleport, location] and [teleport, targets] with inputs: [0.1 -0.5 .9, 0 0 0]
[22:03:21] [main/WARN]: Ambiguity between arguments [teleport, targets] and [teleport, destination] with inputs: [Player, 0123, dd12be42-52a9-4a91-a8a1-11c01849e498]
[22:03:21] [main/WARN]: Ambiguity between arguments [teleport, targets, location] and [teleport, targets, destination] with inputs: [0.1 -0.5 .9, 0 0 0]
[22:03:21] [main/INFO]: Reloading ResourceManager: Default
[22:03:22] [Worker-Main-12/INFO]: Loaded 7 recipes
[22:03:22] [Worker-Main-12/INFO]: Loaded 927 advancements
[22:03:23] [Server thread/INFO]: Starting minecraft server version 1.16.5
[22:03:23] [Server thread/INFO]: Loading properties
[22:03:23] [Server thread/INFO]: Default game type: SURVIVAL
[22:03:23] [Server thread/INFO]: Generating keypair
[22:03:23] [Server console handler/ERROR]: Exception handling console input
java.io.IOException: The handle is invalid
	at java.io.FileInputStream.readBytes(Native Method) ~[?:?]
	at java.io.FileInputStream.read(FileInputStream.java:271) ~[?:?]
	at java.io.BufferedInputStream.read1(BufferedInputStream.java:282) ~[?:?]
	at java.io.BufferedInputStream.read(BufferedInputStream.java:343) ~[?:?]
	at sun.nio.cs.StreamDecoder.readBytes(StreamDecoder.java:297) ~[?:?]
	at sun.nio.cs.StreamDecoder.implRead(StreamDecoder.java:339) ~[?:?]
	at sun.nio.cs.StreamDecoder.read(StreamDecoder.java:188) ~[?:?]
	at java.io.InputStreamReader.read(InputStreamReader.java:181) ~[?:?]
	at java.io.BufferedReader.fill(BufferedReader.java:161) ~[?:?]
	at java.io.BufferedReader.readLine(BufferedReader.java:326) ~[?:?]
	at java.io.BufferedReader.readLine(BufferedReader.java:392) ~[?:?]
	at zg$1.run(SourceFile:95) [server.jar:?]
[22:03:24] [Server thread/INFO]: Starting Minecraft server on *:25565
[22:03:24] [Server thread/INFO]: Using default channel type
[22:03:24] [Server thread/INFO]: Preparing level "world"
[22:03:24] [Server thread/INFO]: Preparing start region for dimension minecraft:overworld
[22:03:25] [Server thread/INFO]: Preparing spawn area: 0%
[22:03:25] [Server thread/INFO]: Preparing spawn area: 0%
[22:03:25] [Server thread/INFO]: Preparing spawn area: 3%
[22:03:27] [Worker-Main-13/INFO]: Preparing spawn area: 83%
[22:03:27] [Worker-Main-13/INFO]: Preparing spawn area: 83%
[22:03:27] [Worker-Main-9/INFO]: Preparing spawn area: 83%
[22:03:27] [Worker-Main-12/INFO]: Preparing spawn area: 83%
[22:03:27] [Worker-Main-9/INFO]: Preparing spawn area: 83%
[22:03:28] [Worker-Main-11/INFO]: Preparing spawn area: 83%
[22:03:28] [Worker-Main-14/INFO]: Preparing spawn area: 83%
[22:03:29] [Worker-Main-8/INFO]: Preparing spawn area: 93%
[22:03:29] [Server thread/INFO]: Time elapsed: 5286 ms
[22:03:29] [Server thread/INFO]: Done (5.334s)! For help, type "help"
[22:06:33] [Server thread/INFO]: Stopping server
[22:06:33] [Server thread/INFO]: Saving players
[22:06:33] [Server thread/INFO]: Saving worlds
[22:06:33] [Server thread/INFO]: Saving chunks for level 'ServerLevel[world]'/minecraft:overworld
[22:06:34] [Server thread/INFO]: ThreadedAnvilChunkStorage (world): All chunks are saved
[22:06:34] [Server thread/INFO]: Saving chunks for level 'ServerLevel[world]'/minecraft:the_nether
[22:06:34] [Server thread/INFO]: ThreadedAnvilChunkStorage (DIM-1): All chunks are saved
[22:06:34] [Server thread/INFO]: Saving chunks for level 'ServerLevel[world]'/minecraft:the_end
[22:06:34] [Server thread/INFO]: ThreadedAnvilChunkStorage (DIM1): All chunks are saved
[22:06:34] [Server thread/INFO]: ThreadedAnvilChunkStorage (world): All chunks are saved
[22:06:34] [Server thread/INFO]: ThreadedAnvilChunkStorage (DIM-1): All chunks are saved
[22:06:34] [Server thread/INFO]: ThreadedAnvilChunkStorage (DIM1): All chunks are saved
